<?xml version="1.0" encoding="UTF-8"?>
<!-- Generated by org.testng.reporters.JUnitXMLReporter -->
<testsuite hostname="DESKTOP-G4P6S3Q" ignored="0" name="Test" tests="7" failures="0" timestamp="2023-08-19T19:51:31 IST" time="269.725" errors="0">
  <testcase name="testValidLogin" time="21.063" classname="TestCases.TC_01_ValidLogin"/>
  <testcase name="testInvalidUsername" time="10.541" classname="TestCases.TC_02_InvalidLogin"/>
  <testcase name="testInvalidPassword" time="9.677" classname="TestCases.TC_02_InvalidLogin"/>
  <testcase name="testInvalidUsernamePassword" time="9.917" classname="TestCases.TC_02_InvalidLogin"/>
  <testcase name="testBookAppointment" time="20.792" classname="TestCases.TC_03_BookAppointment"/>
  <testcase name="testHistoryPage" time="23.711" classname="TestCases.TC_04_CheckHistory"/>
  <testcase name="testSuccessfulLogout" time="23.101" classname="TestCases.TC_05_SuccessfulLogout"/>
</testsuite> <!-- Test -->
